<?xml version="1.0" encoding="UTF-8"?>
<!-- Generated by org.testng.reporters.JUnitReportReporter -->
<testsuite hostname="sravankumarc" failures="0" tests="1" name="actitimeTestCases.ActitimeTest1" time="17.420" errors="0" timestamp="2023-05-13T13:28:15 IST" skipped="0">
  <testcase classname="actitimeTestCases.ActitimeTest1" name="createNewCustomer" time="17.420"/>
  <system-out/>
</testsuite> <!-- actitimeTestCases.ActitimeTest1 -->
