<?xml version="1.0" encoding="UTF-8"?>
<!-- Generated by org.testng.reporters.JUnitReportReporter -->
<testsuite hostname="sravankumarc" failures="0" tests="1" name="actitimeTestCases.GroupExecution" time="6.217" errors="0" timestamp="2023-05-12T13:02:33 IST" skipped="0">
  <testcase classname="actitimeTestCases.GroupExecution" name="test1" time="6.217"/>
  <system-out/>
</testsuite> <!-- actitimeTestCases.GroupExecution -->
