<?xml version="1.0" encoding="UTF-8"?>
<!-- Generated by org.testng.reporters.JUnitReportReporter -->
<testsuite hostname="sravankumarc" failures="0" tests="1" name="popularWebsites.Amazon2" time="8.545" errors="0" timestamp="2023-05-10T13:23:11 IST" skipped="0">
  <testcase classname="popularWebsites.Amazon2" name="test1" time="8.545"/>
  <system-out/>
</testsuite> <!-- popularWebsites.Amazon2 -->
