<?xml version="1.0" encoding="UTF-8"?>
<!-- Generated by org.testng.reporters.JUnitReportReporter -->
<testsuite hostname="sravankumarc" failures="0" tests="1" name="vtigerWithPom.CreateContactTest" time="15.640" errors="0" timestamp="2023-02-16T12:33:41 IST" skipped="0">
  <testcase classname="vtigerWithPom.CreateContactTest" name="createContact" time="15.640"/>
  <system-out/>
</testsuite> <!-- vtigerWithPom.CreateContactTest -->
