<?xml version="1.0" encoding="UTF-8"?>
<!-- Generated by org.testng.reporters.JUnitReportReporter -->
<testsuite hostname="sravankumarc" failures="0" tests="2" name="com.vtiger.CrossBrowsing" time="30.951" errors="0" timestamp="24 Jan 2023 14:31:23 GMT" skipped="0">
  <testcase classname="com.vtiger.CrossBrowsing" name="crossBrowse" time="17.708"/>
  <testcase classname="com.vtiger.CrossBrowsing" name="crossBrowse" time="13.243"/>
</testsuite> <!-- com.vtiger.CrossBrowsing -->
