<?xml version="1.0" encoding="UTF-8"?>
<!-- Generated by org.testng.reporters.JUnitReportReporter -->
<testsuite hostname="sravankumarc" failures="0" tests="1" name="sandhyaUtility.Testt" time="5.106" errors="0" timestamp="2023-05-10T21:43:14 IST" skipped="0">
  <testcase classname="sandhyaUtility.Testt" name="test" time="5.106"/>
  <system-out/>
</testsuite> <!-- sandhyaUtility.Testt -->
