<?xml version="1.0" encoding="UTF-8"?>
<!-- Generated by org.testng.reporters.JUnitReportReporter -->
<testsuite hostname="sravankumarc" failures="0" tests="1" name="com.vtiger.ReadDataFromXmlTest" time="0.018" errors="0" timestamp="24 Jan 2023 14:49:49 GMT" skipped="0">
  <testcase classname="com.vtiger.ReadDataFromXmlTest" name="readData" time="0.018"/>
</testsuite> <!-- com.vtiger.ReadDataFromXmlTest -->
