<?xml version="1.0" encoding="UTF-8"?>
<!-- Generated by org.testng.reporters.JUnitReportReporter -->
<testsuite hostname="sravankumarc" failures="0" tests="1" name="sandhyaUtility.JsonTest" time="7.548" errors="0" timestamp="2023-05-10T15:54:08 IST" skipped="0">
  <testcase classname="sandhyaUtility.JsonTest" name="test1" time="7.548"/>
  <system-out/>
</testsuite> <!-- sandhyaUtility.JsonTest -->
