<?xml version="1.0" encoding="UTF-8"?>
<!-- Generated by org.testng.reporters.JUnitReportReporter -->
<testsuite hostname="sravankumarc" failures="0" tests="1" name="actitime.ActitimeTest" time="6.132" errors="0" timestamp="2023-05-10T22:37:41 IST" skipped="0">
  <testcase classname="actitime.ActitimeTest" name="test" time="6.132"/>
  <system-out/>
</testsuite> <!-- actitime.ActitimeTest -->
